[debug] [2020-03-25T17:12:19.526Z] ----------------------------------------------------------------------
[debug] [2020-03-25T17:12:19.529Z] Command:       /usr/local/bin/firebase /home/robert/.cache/firebase/tools/lib/node_modules/firebase-tools/lib/bin/firebase diploy
[debug] [2020-03-25T17:12:19.530Z] CLI Version:   7.10.0
[debug] [2020-03-25T17:12:19.530Z] Platform:      linux
[debug] [2020-03-25T17:12:19.530Z] Node Version:  v10.17.0
[debug] [2020-03-25T17:12:19.530Z] Time:          Wed Mar 25 2020 22:42:19 GMT+0530 (India Standard Time)
[debug] [2020-03-25T17:12:19.530Z] ----------------------------------------------------------------------
[debug] [2020-03-25T17:12:19.530Z] 
[error] Error: [object Object] is not a Firebase command
[debug] [2020-03-25T17:12:19.538Z] TypeError: str.toLowerCase is not a function
    at didYouMean (/home/robert/.cache/firebase/tools/lib/node_modules/didyoumean/didYouMean-1.2.1.js:147:48)
    at suggestCommands (/home/robert/.cache/firebase/tools/lib/node_modules/firebase-tools/lib/index.js:28:22)
    at Command.<anonymous> (/home/robert/.cache/firebase/tools/lib/node_modules/firebase-tools/lib/index.js:57:14)
    at Command.listener (/home/robert/.cache/firebase/tools/lib/node_modules/commander/index.js:360:8)
    at Command.emit (events.js:198:13)
    at Command.EventEmitter.emit (domain.js:448:20)
    at Command.parseArgs (/home/robert/.cache/firebase/tools/lib/node_modules/commander/index.js:801:12)
    at Command.parse (/home/robert/.cache/firebase/tools/lib/node_modules/commander/index.js:563:21)
    at Object.<anonymous> (/home/robert/.cache/firebase/tools/lib/node_modules/firebase-tools/lib/bin/firebase.js:98:22)
    at Module._compile (internal/modules/cjs/loader.js:776:30)
    at Module._compile (pkg/prelude/bootstrap.js:1222:32)
    at Object.Module._extensions..js (internal/modules/cjs/loader.js:787:10)
    at Module.load (internal/modules/cjs/loader.js:651:32)
    at tryModuleLoad (internal/modules/cjs/loader.js:591:12)
    at Function.Module._load (internal/modules/cjs/loader.js:583:3)
    at Function.Module.runMain (pkg/prelude/bootstrap.js:1316:12)
[error] 
[error] Error: An unexpected error has occurred.
